-------------------------------------------------------------------------------
Test set: org.fitznet.rpiwebserverhardwareapi.RpiWebserverHardwareApiApplicationTests
-------------------------------------------------------------------------------
Tests run: 1, Failures: 0, Errors: 1, Skipped: 0, Time elapsed: 0.507 s <<< FAILURE! - in org.fitznet.rpiwebserverhardwareapi.RpiWebserverHardwareApiApplicationTests
contextLoads  Time elapsed: 0.004 s  <<< ERROR!
java.lang.IllegalStateException: Failed to load ApplicationContext for [WebMergedContextConfiguration@30e6a763 testClass = org.fitznet.rpiwebserverhardwareapi.RpiWebserverHardwareApiApplicationTests, locations = [], classes = [org.fitznet.rpiwebserverhardwareapi.RpiWebserverHardwareApiApplication], contextInitializerClasses = [], activeProfiles = [], propertySourceLocations = [], propertySourceProperties = ["org.springframework.boot.test.context.SpringBootTestContextBootstrapper=true"], contextCustomizers = [org.springframework.boot.test.context.filter.ExcludeFilterContextCustomizer@55536d9e, org.springframework.boot.test.json.DuplicateJsonObjectContextCustomizerFactory$DuplicateJsonObjectContextCustomizer@2e55dd0c, org.springframework.boot.test.mock.mockito.MockitoContextCustomizer@0, org.springframework.boot.test.web.client.TestRestTemplateContextCustomizer@625732, org.springframework.boot.test.autoconfigure.actuate.observability.ObservabilityContextCustomizerFactory$DisableObservabilityContextCustomizer@9da1, org.springframework.boot.test.autoconfigure.properties.PropertyMappingContextCustomizer@0, org.springframework.boot.test.autoconfigure.web.servlet.WebDriverContextCustomizerFactory$Customizer@793be5ca, org.springframework.boot.test.context.SpringBootTestAnnotation@90fa5a56], resourceBasePath = "src/main/webapp", contextLoader = org.springframework.boot.test.context.SpringBootContextLoader, parent = null]
Caused by: org.springframework.beans.factory.BeanCreationException: Error creating bean with name 'laurenPanelController' defined in file [/home/matt/GitDownloads/Fitz-Net/RPI-Webserver-HardwareAPI/target/classes/org/fitznet/rpiwebserverhardwareapi/LaurenPanelController.class]: Failed to instantiate [org.fitznet.rpiwebserverhardwareapi.LaurenPanelController]: Constructor threw exception
Caused by: org.springframework.beans.BeanInstantiationException: Failed to instantiate [org.fitznet.rpiwebserverhardwareapi.LaurenPanelController]: Constructor threw exception
Caused by: java.lang.UnsatisfiedLinkError: 'int com.pi4j.wiringpi.Gpio.wiringPiSetup()'

